[TID: 0x0001f190] Initializing notification thread ()
[TID: 0x0001f190] Calling libusb_init (MorganfieldWdAPI::MorganfieldWd::DriverInit)
[TID: 0x00003960] Notification thread started (MorganfieldWdAPI::MorganfieldWd::NotificationThreadEntry)
[TID: 0x0001f190] Found device we need to add (MorganfieldWdAPI::MorganfieldWd::DriverInit)
[TID: 0x0001f190] HotPlug LIBUSB_HOTPLUG_EVENT_DEVICE_ARRIVED  (MorganfieldWdAPI::MorganfieldWd::DriverInit)
[TID: 0x0001f190] Attaching device, handle: 0x268a538 (MorganfieldWdAPI::MorganfieldWd::DriverInit)
[TID: 0x0001f190] Device serial number: 40412472 (MorganfieldWdAPI::MorganfieldWd::DriverInit)
[TID: 0x0001f190] DB update start (MorganfieldWdAPI::MorganfieldWd::DriverInit)
[TID: 0x0001f190] Trying to lock (MorganfieldWdAPI::MorganfieldWd::DriverInit)
[TID: 0x0001f190] Locked (MorganfieldWdAPI::MorganfieldWd::DriverInit)
[TID: 0x0001f190] To be safe: remove device related data from DB, if exists (MorganfieldWdAPI::MorganfieldWd::DriverInit)
[TID: 0x0001f190] DB update start (MorganfieldWdAPI::MorganfieldWd::DriverInit->MorganfieldWdAPI::MorganfieldWd::RemoveBySN)
[TID: 0x0001f190] Trying to lock (MorganfieldWdAPI::MorganfieldWd::DriverInit->MorganfieldWdAPI::MorganfieldWd::RemoveBySN)
[TID: 0x0001f190] Locked (MorganfieldWdAPI::MorganfieldWd::DriverInit->MorganfieldWdAPI::MorganfieldWd::RemoveBySN)
[TID: 0x0001f190] Trying to remove device( sn = 40412472 ) handle from DB (MorganfieldWdAPI::MorganfieldWd::DriverInit->MorganfieldWdAPI::MorganfieldWd::RemoveBySN)
[TID: 0x0001f190] Trying to remove device( sn = 40412472 ) IO configuration from DB (MorganfieldWdAPI::MorganfieldWd::DriverInit->MorganfieldWdAPI::MorganfieldWd::RemoveBySN)
[TID: 0x0001f190] DB update success (MorganfieldWdAPI::MorganfieldWd::DriverInit->MorganfieldWdAPI::MorganfieldWd::RemoveBySN)
[TID: 0x0001f190] Adding device handle to DB (MorganfieldWdAPI::MorganfieldWd::DriverInit)
[TID: 0x0001f190] DB update success (MorganfieldWdAPI::MorganfieldWd::DriverInit)
[TID: 0x0001f190] Event queue had been Locked (MorganfieldWdAPI::MorganfieldWd::DriverInit->MorganfieldWdAPI::MorganfieldWd::EventPush)
[TID: 0x0001f190] Event was pushed the event queue (MorganfieldWdAPI::MorganfieldWd::DriverInit->MorganfieldWdAPI::MorganfieldWd::EventPush)
[TID: 0x0001f190] Event queue had been unlocked (MorganfieldWdAPI::MorganfieldWd::DriverInit->MorganfieldWdAPI::MorganfieldWd::EventPush)
[TID: 0x0001f190] HotPlug attached device.   (MorganfieldWdAPI::MorganfieldWd::DriverInit)
[TID: 0x00003960] Event queue had been Locked (MorganfieldWdAPI::MorganfieldWd::NotificationThreadEntry->MorganfieldWdAPI::MorganfieldWd::EventPop)
[TID: 0x00003960] Event was poped out of the event queue (MorganfieldWdAPI::MorganfieldWd::NotificationThreadEntry->MorganfieldWdAPI::MorganfieldWd::EventPop)
[TID: 0x00003960] Event queue had been unlocked (MorganfieldWdAPI::MorganfieldWd::NotificationThreadEntry->MorganfieldWdAPI::MorganfieldWd::EventPop)
[TID: 0x00003960] NotificationThreadEntry: Device attach (MorganfieldWdAPI::MorganfieldWd::NotificationThreadEntry)
[TID: 0x00003960] Trying to lock (MorganfieldWdAPI::MorganfieldWd::NotificationThreadEntry->MorganfieldWdAPI::MorganfieldWd::FindSNByHandle)
[TID: 0x00003960] Locked (MorganfieldWdAPI::MorganfieldWd::NotificationThreadEntry->MorganfieldWdAPI::MorganfieldWd::FindSNByHandle)
[TID: 0x00003960] Search DB for device handle: 0x268a538 (MorganfieldWdAPI::MorganfieldWd::NotificationThreadEntry->MorganfieldWdAPI::MorganfieldWd::FindSNByHandle)
[TID: 0x00003960] Current device handle: 0x268a538, serial: 40412472 (MorganfieldWdAPI::MorganfieldWd::NotificationThreadEntry->MorganfieldWdAPI::MorganfieldWd::FindSNByHandle)
[TID: 0x00003960] Device found, serial: 40412472 (MorganfieldWdAPI::MorganfieldWd::NotificationThreadEntry->MorganfieldWdAPI::MorganfieldWd::FindSNByHandle)
[TID: 0x00003960] Locked (MorganfieldWdAPI::MorganfieldWd::NotificationThreadEntry->MorganfieldWdAPI::MorganfieldWd::NotifyDeviceAttach)
[TID: 0x0001f190]  start a thread that will implement hot plug. (MorganfieldWdAPI::MorganfieldWd::DriverInit)
[TID: 0x0001f190] libusb initialization succeeded. (MorganfieldWdAPI::MorganfieldWd::DriverInit)
[TID: 0x0001f190] Locked (MorganfieldWdAPI::MorganfieldWd::Register)
[TID: 0x0001f190] Adding callback object to DB (MorganfieldWdAPI::MorganfieldWd::Register)
[TID: 0x0001f190] DB update success (MorganfieldWdAPI::MorganfieldWd::Register)
[TID: 0x0001f190] Trying to lock (MorganfieldWdAPI::MorganfieldWd::EnumerateDevices)
[TID: 0x0001f190] Locked (MorganfieldWdAPI::MorganfieldWd::EnumerateDevices)
[TID: 0x0001f190] Current device serial: 40412472 (MorganfieldWdAPI::MorganfieldWd::EnumerateDevices)
[TID: 0x0001f190] [SN: 40412472] Id device operation started
[TID: 0x0001f190] [SN: 40412472] Sending "Id Device" DnX command
[TID: 0x0001f190] [SN: 40412472] TX: Payload only: no
[TID: 0x0001f190] [SN: 40412472] TX: Data length: 48
[TID: 0x0001f190] [SN: 40412472] TX: Command: 1
[TID: 0x0001f190] [SN: 40412472] TX: Marker: 0
[TID: 0x0001f190] [SN: 40412472] TX: Header length: 16
[TID: 0x0001f190] [SN: 40412472] TX: Additional data length: 0
[TID: 0x0001f190] [SN: 40412472] TX: Message length: 64
[TID: 0x0001f190] Configuring device IO, serial: 40412472 (MorganfieldWdAPI::MorganfieldWd::Write)
[TID: 0x0001f190] Configure device IO by serial: 40412472 (MorganfieldWdAPI::MorganfieldWd::Write->MorganfieldWdAPI::MorganfieldWd::ConfigureDeviceIO)
[TID: 0x0001f190] Trying to lock (MorganfieldWdAPI::MorganfieldWd::Write->MorganfieldWdAPI::MorganfieldWd::ConfigureDeviceIO)
[TID: 0x0001f190] Locked (MorganfieldWdAPI::MorganfieldWd::Write->MorganfieldWdAPI::MorganfieldWd::ConfigureDeviceIO)
[TID: 0x0001f190] Searching DB for device handle (MorganfieldWdAPI::MorganfieldWd::Write->MorganfieldWdAPI::MorganfieldWd::ConfigureDeviceIO)
[TID: 0x0001f190] Found device handle: 0x268a538 (MorganfieldWdAPI::MorganfieldWd::Write->MorganfieldWdAPI::MorganfieldWd::ConfigureDeviceIO)
[TID: 0x0001f190] Searching DB for device IO configuration (MorganfieldWdAPI::MorganfieldWd::Write->MorganfieldWdAPI::MorganfieldWd::ConfigureDeviceIO)
[TID: 0x0001f190] Calling libusb_get_device( handle = 0x268a538 ) (MorganfieldWdAPI::MorganfieldWd::Write->MorganfieldWdAPI::MorganfieldWd::ConfigureDeviceIO)
[TID: 0x0001f190] libusb_get_device success (MorganfieldWdAPI::MorganfieldWd::Write->MorganfieldWdAPI::MorganfieldWd::ConfigureDeviceIO)
[TID: 0x0001f190] Searching device for alternate setting (MorganfieldWdAPI::MorganfieldWd::Write->MorganfieldWdAPI::MorganfieldWd::ConfigureDeviceIO)
[TID: 0x0001f190] Number of interfaces for active configuration: 1 (MorganfieldWdAPI::MorganfieldWd::Write->MorganfieldWdAPI::MorganfieldWd::ConfigureDeviceIO->MorganfieldWdAPI::MorganfieldWd::GetAltSetting)
[TID: 0x0001f190] Current interface index: 0 (MorganfieldWdAPI::MorganfieldWd::Write->MorganfieldWdAPI::MorganfieldWd::ConfigureDeviceIO->MorganfieldWdAPI::MorganfieldWd::GetAltSetting)
[TID: 0x0001f190] Number of alternate settings: 1 (MorganfieldWdAPI::MorganfieldWd::Write->MorganfieldWdAPI::MorganfieldWd::ConfigureDeviceIO->MorganfieldWdAPI::MorganfieldWd::GetAltSetting->MorganfieldWdAPI::MorganfieldWd::GetAltSetting)
[TID: 0x0001f190] Current alternate setting index: 0 (MorganfieldWdAPI::MorganfieldWd::Write->MorganfieldWdAPI::MorganfieldWd::ConfigureDeviceIO->MorganfieldWdAPI::MorganfieldWd::GetAltSetting->MorganfieldWdAPI::MorganfieldWd::GetAltSetting)
[TID: 0x0001f190] Number of endpoints: 2 (MorganfieldWdAPI::MorganfieldWd::Write->MorganfieldWdAPI::MorganfieldWd::ConfigureDeviceIO->MorganfieldWdAPI::MorganfieldWd::GetAltSetting->MorganfieldWdAPI::MorganfieldWd::GetAltSetting->MorganfieldWdAPI::MorganfieldWd::IoPipeSearch)
[TID: 0x0001f190] pipe[0] address: 2 (MorganfieldWdAPI::MorganfieldWd::Write->MorganfieldWdAPI::MorganfieldWd::ConfigureDeviceIO->MorganfieldWdAPI::MorganfieldWd::GetAltSetting->MorganfieldWdAPI::MorganfieldWd::GetAltSetting->MorganfieldWdAPI::MorganfieldWd::IoPipeSearch)
[TID: 0x0001f190] pipe[0] attributes: 2 (MorganfieldWdAPI::MorganfieldWd::Write->MorganfieldWdAPI::MorganfieldWd::ConfigureDeviceIO->MorganfieldWdAPI::MorganfieldWd::GetAltSetting->MorganfieldWdAPI::MorganfieldWd::GetAltSetting->MorganfieldWdAPI::MorganfieldWd::IoPipeSearch)
[TID: 0x0001f190] pipe[0] max packet size: 200 (MorganfieldWdAPI::MorganfieldWd::Write->MorganfieldWdAPI::MorganfieldWd::ConfigureDeviceIO->MorganfieldWdAPI::MorganfieldWd::GetAltSetting->MorganfieldWdAPI::MorganfieldWd::GetAltSetting->MorganfieldWdAPI::MorganfieldWd::IoPipeSearch)
[TID: 0x0001f190] Pipe(OUT) matches required configuration (MorganfieldWdAPI::MorganfieldWd::Write->MorganfieldWdAPI::MorganfieldWd::ConfigureDeviceIO->MorganfieldWdAPI::MorganfieldWd::GetAltSetting->MorganfieldWdAPI::MorganfieldWd::GetAltSetting->MorganfieldWdAPI::MorganfieldWd::IoPipeSearch)
[TID: 0x0001f190] pipe[1] address: 82 (MorganfieldWdAPI::MorganfieldWd::Write->MorganfieldWdAPI::MorganfieldWd::ConfigureDeviceIO->MorganfieldWdAPI::MorganfieldWd::GetAltSetting->MorganfieldWdAPI::MorganfieldWd::GetAltSetting->MorganfieldWdAPI::MorganfieldWd::IoPipeSearch)
[TID: 0x0001f190] pipe[1] attributes: 2 (MorganfieldWdAPI::MorganfieldWd::Write->MorganfieldWdAPI::MorganfieldWd::ConfigureDeviceIO->MorganfieldWdAPI::MorganfieldWd::GetAltSetting->MorganfieldWdAPI::MorganfieldWd::GetAltSetting->MorganfieldWdAPI::MorganfieldWd::IoPipeSearch)
[TID: 0x0001f190] pipe[1] max packet size: 200 (MorganfieldWdAPI::MorganfieldWd::Write->MorganfieldWdAPI::MorganfieldWd::ConfigureDeviceIO->MorganfieldWdAPI::MorganfieldWd::GetAltSetting->MorganfieldWdAPI::MorganfieldWd::GetAltSetting->MorganfieldWdAPI::MorganfieldWd::IoPipeSearch)
[TID: 0x0001f190] Pipe(IN) matches required configuration (MorganfieldWdAPI::MorganfieldWd::Write->MorganfieldWdAPI::MorganfieldWd::ConfigureDeviceIO->MorganfieldWdAPI::MorganfieldWd::GetAltSetting->MorganfieldWdAPI::MorganfieldWd::GetAltSetting->MorganfieldWdAPI::MorganfieldWd::IoPipeSearch)
[TID: 0x0001f190] Pipe IN found: 82 (MorganfieldWdAPI::MorganfieldWd::Write->MorganfieldWdAPI::MorganfieldWd::ConfigureDeviceIO->MorganfieldWdAPI::MorganfieldWd::GetAltSetting->MorganfieldWdAPI::MorganfieldWd::GetAltSetting->MorganfieldWdAPI::MorganfieldWd::IoPipeSearch)
[TID: 0x0001f190] Pipe OUT found: 2 (MorganfieldWdAPI::MorganfieldWd::Write->MorganfieldWdAPI::MorganfieldWd::ConfigureDeviceIO->MorganfieldWdAPI::MorganfieldWd::GetAltSetting->MorganfieldWdAPI::MorganfieldWd::GetAltSetting->MorganfieldWdAPI::MorganfieldWd::IoPipeSearch)
[TID: 0x0001f190] Required pipe configuration was found for alternate setting #0 (MorganfieldWdAPI::MorganfieldWd::Write->MorganfieldWdAPI::MorganfieldWd::ConfigureDeviceIO->MorganfieldWdAPI::MorganfieldWd::GetAltSetting->MorganfieldWdAPI::MorganfieldWd::GetAltSetting)
[TID: 0x0001f190] Alternate setting was found for interface #0 (MorganfieldWdAPI::MorganfieldWd::Write->MorganfieldWdAPI::MorganfieldWd::ConfigureDeviceIO->MorganfieldWdAPI::MorganfieldWd::GetAltSetting)
[TID: 0x0001f190] Alternate setting had been found: Interface number: 0; Alternate setting number: 0 (MorganfieldWdAPI::MorganfieldWd::Write->MorganfieldWdAPI::MorganfieldWd::ConfigureDeviceIO)
[TID: 0x0001f190] Pipe IN: Endpoint address: 82Max packet size: 200; Attributes: 2 (MorganfieldWdAPI::MorganfieldWd::Write->MorganfieldWdAPI::MorganfieldWd::ConfigureDeviceIO)
[TID: 0x0001f190] Pipe OUT: Endpoint address: 2Max packet size: 200; Attributes: 2 (MorganfieldWdAPI::MorganfieldWd::Write->MorganfieldWdAPI::MorganfieldWd::ConfigureDeviceIO)
[TID: 0x0001f190] Calling libusb_claim_interface( handle = 0x268a538, interface_number = 0 ) (MorganfieldWdAPI::MorganfieldWd::Write->MorganfieldWdAPI::MorganfieldWd::ConfigureDeviceIO)
[TID: 0x0001f190] libusb_claim_interface success (MorganfieldWdAPI::MorganfieldWd::Write->MorganfieldWdAPI::MorganfieldWd::ConfigureDeviceIO)
[TID: 0x0001f190] Device IO configured, handle: 0x268a538 (MorganfieldWdAPI::MorganfieldWd::Write)
[TID: 0x0001f190] Calling libusb_bulk_transfer( dev_handle = 0x268a538, endpoint = 2, length = 64, timeout  = 5000 ) (MorganfieldWdAPI::MorganfieldWd::Write)
[TID: 0x0001f190] Bytes sent: 64 (MorganfieldWdAPI::MorganfieldWd::Write)
[TID: 0x0001f190] [SN: 40412472] Reading first packet
[TID: 0x0001f190] Configuring device IO, serial: 40412472 (DnxCmd::read->MorganfieldWdAPI::MorganfieldWd::Read)
[TID: 0x0001f190] Configure device IO by serial: 40412472 (DnxCmd::read->MorganfieldWdAPI::MorganfieldWd::Read->MorganfieldWdAPI::MorganfieldWd::ConfigureDeviceIO)
[TID: 0x0001f190] Trying to lock (DnxCmd::read->MorganfieldWdAPI::MorganfieldWd::Read->MorganfieldWdAPI::MorganfieldWd::ConfigureDeviceIO)
[TID: 0x0001f190] Locked (DnxCmd::read->MorganfieldWdAPI::MorganfieldWd::Read->MorganfieldWdAPI::MorganfieldWd::ConfigureDeviceIO)
[TID: 0x0001f190] Searching DB for device handle (DnxCmd::read->MorganfieldWdAPI::MorganfieldWd::Read->MorganfieldWdAPI::MorganfieldWd::ConfigureDeviceIO)
[TID: 0x0001f190] Found device handle: 0x268a538 (DnxCmd::read->MorganfieldWdAPI::MorganfieldWd::Read->MorganfieldWdAPI::MorganfieldWd::ConfigureDeviceIO)
[TID: 0x0001f190] Searching DB for device IO configuration (DnxCmd::read->MorganfieldWdAPI::MorganfieldWd::Read->MorganfieldWdAPI::MorganfieldWd::ConfigureDeviceIO)
[TID: 0x0001f190] Found device IO configuration (DnxCmd::read->MorganfieldWdAPI::MorganfieldWd::Read->MorganfieldWdAPI::MorganfieldWd::ConfigureDeviceIO)
[TID: 0x0001f190] Device IO configured, handle: 0x268a538 (DnxCmd::read->MorganfieldWdAPI::MorganfieldWd::Read)
[TID: 0x0001f190] Calling libusb_bulk_transfer( dev_handle = 0x268a538, endpoint = 82, length = 512, timeout  = 5000 ) (DnxCmd::read->MorganfieldWdAPI::MorganfieldWd::Read)
[TID: 0x0001f190] Bytes transferred: 64 (DnxCmd::read->MorganfieldWdAPI::MorganfieldWd::Read)
[TID: 0x0001f190] [SN: 40412472] RX: Command: 800001
[TID: 0x0001f190] [SN: 40412472] RX: Marker: 0
[TID: 0x0001f190] [SN: 40412472] RX: Message length: 64
[TID: 0x0001f190] [SN: 40412472] RX: Header length: 20
[TID: 0x0001f190] [SN: 40412472] RX: Data length (calculated): 44
[TID: 0x0001f190] [SN: 40412472] RX: Additional data length: 0
[TID: 0x0001f190] [SN: 40412472] RX: Flags: 0
[TID: 0x0001f190] [SN: 40412472] RX: FW status: 0
[TID: 0x0001f190] [SN: 40412472] Success
[TID: 0x0001f190] [SN: 40412472] Sending "start over" DnX command to check if we are in ROM or DNX ctx
[TID: 0x0001f190] [SN: 40412472] Resetting DnX protocol
[TID: 0x0001f190] [SN: 40412472] TX: Payload only: no
[TID: 0x0001f190] [SN: 40412472] TX: Data length: 48
[TID: 0x0001f190] [SN: 40412472] TX: Command: 13
[TID: 0x0001f190] [SN: 40412472] TX: Marker: 0
[TID: 0x0001f190] [SN: 40412472] TX: Header length: 16
[TID: 0x0001f190] [SN: 40412472] TX: Additional data length: 0
[TID: 0x0001f190] [SN: 40412472] TX: Message length: 64
[TID: 0x0001f190] Configuring device IO, serial: 40412472 (MorganfieldWdAPI::MorganfieldWd::Write)
[TID: 0x0001f190] Configure device IO by serial: 40412472 (MorganfieldWdAPI::MorganfieldWd::Write->MorganfieldWdAPI::MorganfieldWd::ConfigureDeviceIO)
[TID: 0x0001f190] Trying to lock (MorganfieldWdAPI::MorganfieldWd::Write->MorganfieldWdAPI::MorganfieldWd::ConfigureDeviceIO)
[TID: 0x0001f190] Locked (MorganfieldWdAPI::MorganfieldWd::Write->MorganfieldWdAPI::MorganfieldWd::ConfigureDeviceIO)
[TID: 0x0001f190] Searching DB for device handle (MorganfieldWdAPI::MorganfieldWd::Write->MorganfieldWdAPI::MorganfieldWd::ConfigureDeviceIO)
[TID: 0x0001f190] Found device handle: 0x268a538 (MorganfieldWdAPI::MorganfieldWd::Write->MorganfieldWdAPI::MorganfieldWd::ConfigureDeviceIO)
[TID: 0x0001f190] Searching DB for device IO configuration (MorganfieldWdAPI::MorganfieldWd::Write->MorganfieldWdAPI::MorganfieldWd::ConfigureDeviceIO)
[TID: 0x0001f190] Found device IO configuration (MorganfieldWdAPI::MorganfieldWd::Write->MorganfieldWdAPI::MorganfieldWd::ConfigureDeviceIO)
[TID: 0x0001f190] Device IO configured, handle: 0x268a538 (MorganfieldWdAPI::MorganfieldWd::Write)
[TID: 0x0001f190] Calling libusb_bulk_transfer( dev_handle = 0x268a538, endpoint = 2, length = 64, timeout  = 5000 ) (MorganfieldWdAPI::MorganfieldWd::Write)
[TID: 0x0001f190] Bytes sent: 64 (MorganfieldWdAPI::MorganfieldWd::Write)
[TID: 0x0001f190] [SN: 40412472] Reading first packet
[TID: 0x0001f190] Configuring device IO, serial: 40412472 (DnxCmd::read->MorganfieldWdAPI::MorganfieldWd::Read)
[TID: 0x0001f190] Configure device IO by serial: 40412472 (DnxCmd::read->MorganfieldWdAPI::MorganfieldWd::Read->MorganfieldWdAPI::MorganfieldWd::ConfigureDeviceIO)
[TID: 0x0001f190] Trying to lock (DnxCmd::read->MorganfieldWdAPI::MorganfieldWd::Read->MorganfieldWdAPI::MorganfieldWd::ConfigureDeviceIO)
[TID: 0x0001f190] Locked (DnxCmd::read->MorganfieldWdAPI::MorganfieldWd::Read->MorganfieldWdAPI::MorganfieldWd::ConfigureDeviceIO)
[TID: 0x0001f190] Searching DB for device handle (DnxCmd::read->MorganfieldWdAPI::MorganfieldWd::Read->MorganfieldWdAPI::MorganfieldWd::ConfigureDeviceIO)
[TID: 0x0001f190] Found device handle: 0x268a538 (DnxCmd::read->MorganfieldWdAPI::MorganfieldWd::Read->MorganfieldWdAPI::MorganfieldWd::ConfigureDeviceIO)
[TID: 0x0001f190] Searching DB for device IO configuration (DnxCmd::read->MorganfieldWdAPI::MorganfieldWd::Read->MorganfieldWdAPI::MorganfieldWd::ConfigureDeviceIO)
[TID: 0x0001f190] Found device IO configuration (DnxCmd::read->MorganfieldWdAPI::MorganfieldWd::Read->MorganfieldWdAPI::MorganfieldWd::ConfigureDeviceIO)
[TID: 0x0001f190] Device IO configured, handle: 0x268a538 (DnxCmd::read->MorganfieldWdAPI::MorganfieldWd::Read)
[TID: 0x0001f190] Calling libusb_bulk_transfer( dev_handle = 0x268a538, endpoint = 82, length = 512, timeout  = 5000 ) (DnxCmd::read->MorganfieldWdAPI::MorganfieldWd::Read)
[TID: 0x0001f190] Bytes transferred: 64 (DnxCmd::read->MorganfieldWdAPI::MorganfieldWd::Read)
[TID: 0x0001f190] [SN: 40412472] RX: Command: 800013
[TID: 0x0001f190] [SN: 40412472] RX: Marker: 0
[TID: 0x0001f190] [SN: 40412472] RX: Message length: 64
[TID: 0x0001f190] [SN: 40412472] RX: Header length: 20
[TID: 0x0001f190] [SN: 40412472] RX: Data length (calculated): 44
[TID: 0x0001f190] [SN: 40412472] RX: Additional data length: 0
[TID: 0x0001f190] [SN: 40412472] RX: Flags: 0
[TID: 0x0001f190] [SN: 40412472] RX: FW status: 0
[TID: 0x0001f190] [SN: 40412472] Success
[TID: 0x0001f190] [SN: 40412472] Current context: 0x1
[TID: 0x0001f190] [SN: 40412472] Id device operation had been accomplished succesfully
[TID: 0x0001f190] Trying to lock (MorganfieldWdAPI::MorganfieldWd::EnumerateDevices)
[TID: 0x0001f190] Locked (MorganfieldWdAPI::MorganfieldWd::EnumerateDevices)
[TID: 0x0001f190] Current device serial: 40412472 (MorganfieldWdAPI::MorganfieldWd::EnumerateDevices)
[TID: 0x0001f190] [SN: 40412472] Clear data operation started
[TID: 0x0001f190] [SN: 40412472] Resetting DnX protocol
[TID: 0x0001f190] [SN: 40412472] TX: Payload only: no
[TID: 0x0001f190] [SN: 40412472] TX: Data length: 48
[TID: 0x0001f190] [SN: 40412472] TX: Command: 13
[TID: 0x0001f190] [SN: 40412472] TX: Marker: 0
[TID: 0x0001f190] [SN: 40412472] TX: Header length: 16
[TID: 0x0001f190] [SN: 40412472] TX: Additional data length: 0
[TID: 0x0001f190] [SN: 40412472] TX: Message length: 64
[TID: 0x0001f190] Configuring device IO, serial: 40412472 (MorganfieldWdAPI::MorganfieldWd::Write)
[TID: 0x0001f190] Configure device IO by serial: 40412472 (MorganfieldWdAPI::MorganfieldWd::Write->MorganfieldWdAPI::MorganfieldWd::ConfigureDeviceIO)
[TID: 0x0001f190] Trying to lock (MorganfieldWdAPI::MorganfieldWd::Write->MorganfieldWdAPI::MorganfieldWd::ConfigureDeviceIO)
[TID: 0x0001f190] Locked (MorganfieldWdAPI::MorganfieldWd::Write->MorganfieldWdAPI::MorganfieldWd::ConfigureDeviceIO)
[TID: 0x0001f190] Searching DB for device handle (MorganfieldWdAPI::MorganfieldWd::Write->MorganfieldWdAPI::MorganfieldWd::ConfigureDeviceIO)
[TID: 0x0001f190] Found device handle: 0x268a538 (MorganfieldWdAPI::MorganfieldWd::Write->MorganfieldWdAPI::MorganfieldWd::ConfigureDeviceIO)
[TID: 0x0001f190] Searching DB for device IO configuration (MorganfieldWdAPI::MorganfieldWd::Write->MorganfieldWdAPI::MorganfieldWd::ConfigureDeviceIO)
[TID: 0x0001f190] Found device IO configuration (MorganfieldWdAPI::MorganfieldWd::Write->MorganfieldWdAPI::MorganfieldWd::ConfigureDeviceIO)
[TID: 0x0001f190] Device IO configured, handle: 0x268a538 (MorganfieldWdAPI::MorganfieldWd::Write)
[TID: 0x0001f190] Calling libusb_bulk_transfer( dev_handle = 0x268a538, endpoint = 2, length = 64, timeout  = 5000 ) (MorganfieldWdAPI::MorganfieldWd::Write)
[TID: 0x0001f190] Bytes sent: 64 (MorganfieldWdAPI::MorganfieldWd::Write)
[TID: 0x0001f190] [SN: 40412472] Reading first packet
[TID: 0x0001f190] Configuring device IO, serial: 40412472 (DnxCmd::read->MorganfieldWdAPI::MorganfieldWd::Read)
[TID: 0x0001f190] Configure device IO by serial: 40412472 (DnxCmd::read->MorganfieldWdAPI::MorganfieldWd::Read->MorganfieldWdAPI::MorganfieldWd::ConfigureDeviceIO)
[TID: 0x0001f190] Trying to lock (DnxCmd::read->MorganfieldWdAPI::MorganfieldWd::Read->MorganfieldWdAPI::MorganfieldWd::ConfigureDeviceIO)
[TID: 0x0001f190] Locked (DnxCmd::read->MorganfieldWdAPI::MorganfieldWd::Read->MorganfieldWdAPI::MorganfieldWd::ConfigureDeviceIO)
[TID: 0x0001f190] Searching DB for device handle (DnxCmd::read->MorganfieldWdAPI::MorganfieldWd::Read->MorganfieldWdAPI::MorganfieldWd::ConfigureDeviceIO)
[TID: 0x0001f190] Found device handle: 0x268a538 (DnxCmd::read->MorganfieldWdAPI::MorganfieldWd::Read->MorganfieldWdAPI::MorganfieldWd::ConfigureDeviceIO)
[TID: 0x0001f190] Searching DB for device IO configuration (DnxCmd::read->MorganfieldWdAPI::MorganfieldWd::Read->MorganfieldWdAPI::MorganfieldWd::ConfigureDeviceIO)
[TID: 0x0001f190] Found device IO configuration (DnxCmd::read->MorganfieldWdAPI::MorganfieldWd::Read->MorganfieldWdAPI::MorganfieldWd::ConfigureDeviceIO)
[TID: 0x0001f190] Device IO configured, handle: 0x268a538 (DnxCmd::read->MorganfieldWdAPI::MorganfieldWd::Read)
[TID: 0x0001f190] Calling libusb_bulk_transfer( dev_handle = 0x268a538, endpoint = 82, length = 512, timeout  = 5000 ) (DnxCmd::read->MorganfieldWdAPI::MorganfieldWd::Read)
[TID: 0x0001f190] Bytes transferred: 64 (DnxCmd::read->MorganfieldWdAPI::MorganfieldWd::Read)
[TID: 0x0001f190] [SN: 40412472] RX: Command: 800013
[TID: 0x0001f190] [SN: 40412472] RX: Marker: 0
[TID: 0x0001f190] [SN: 40412472] RX: Message length: 64
[TID: 0x0001f190] [SN: 40412472] RX: Header length: 20
[TID: 0x0001f190] [SN: 40412472] RX: Data length (calculated): 44
[TID: 0x0001f190] [SN: 40412472] RX: Additional data length: 0
[TID: 0x0001f190] [SN: 40412472] RX: Flags: 0
[TID: 0x0001f190] [SN: 40412472] RX: FW status: 0
[TID: 0x0001f190] [SN: 40412472] Success
[TID: 0x0001f190] [SN: 40412472] Current context: 0x1
[TID: 0x0001f190] [SN: 40412472] Setting DnX protocol version and timeout
[TID: 0x0001f190] [SN: 40412472] Sending "Set Protocol" DnX command
[TID: 0x0001f190] [SN: 40412472] Protocol version: 0x1
[TID: 0x0001f190] [SN: 40412472] TX: Payload only: no
[TID: 0x0001f190] [SN: 40412472] TX: Data length: 48
[TID: 0x0001f190] [SN: 40412472] TX: Command: 17
[TID: 0x0001f190] [SN: 40412472] TX: Marker: 0
[TID: 0x0001f190] [SN: 40412472] TX: Header length: 16
[TID: 0x0001f190] [SN: 40412472] TX: Additional data length: 0
[TID: 0x0001f190] [SN: 40412472] TX: Message length: 64
[TID: 0x0001f190] Configuring device IO, serial: 40412472 (MorganfieldWdAPI::MorganfieldWd::Write)
[TID: 0x0001f190] Configure device IO by serial: 40412472 (MorganfieldWdAPI::MorganfieldWd::Write->MorganfieldWdAPI::MorganfieldWd::ConfigureDeviceIO)
[TID: 0x0001f190] Trying to lock (MorganfieldWdAPI::MorganfieldWd::Write->MorganfieldWdAPI::MorganfieldWd::ConfigureDeviceIO)
[TID: 0x0001f190] Locked (MorganfieldWdAPI::MorganfieldWd::Write->MorganfieldWdAPI::MorganfieldWd::ConfigureDeviceIO)
[TID: 0x0001f190] Searching DB for device handle (MorganfieldWdAPI::MorganfieldWd::Write->MorganfieldWdAPI::MorganfieldWd::ConfigureDeviceIO)
[TID: 0x0001f190] Found device handle: 0x268a538 (MorganfieldWdAPI::MorganfieldWd::Write->MorganfieldWdAPI::MorganfieldWd::ConfigureDeviceIO)
[TID: 0x0001f190] Searching DB for device IO configuration (MorganfieldWdAPI::MorganfieldWd::Write->MorganfieldWdAPI::MorganfieldWd::ConfigureDeviceIO)
[TID: 0x0001f190] Found device IO configuration (MorganfieldWdAPI::MorganfieldWd::Write->MorganfieldWdAPI::MorganfieldWd::ConfigureDeviceIO)
[TID: 0x0001f190] Device IO configured, handle: 0x268a538 (MorganfieldWdAPI::MorganfieldWd::Write)
[TID: 0x0001f190] Calling libusb_bulk_transfer( dev_handle = 0x268a538, endpoint = 2, length = 64, timeout  = 5000 ) (MorganfieldWdAPI::MorganfieldWd::Write)
[TID: 0x0001f190] Bytes sent: 64 (MorganfieldWdAPI::MorganfieldWd::Write)
[TID: 0x0001f190] [SN: 40412472] Reading first packet
[TID: 0x0001f190] Configuring device IO, serial: 40412472 (DnxCmd::read->MorganfieldWdAPI::MorganfieldWd::Read)
[TID: 0x0001f190] Configure device IO by serial: 40412472 (DnxCmd::read->MorganfieldWdAPI::MorganfieldWd::Read->MorganfieldWdAPI::MorganfieldWd::ConfigureDeviceIO)
[TID: 0x0001f190] Trying to lock (DnxCmd::read->MorganfieldWdAPI::MorganfieldWd::Read->MorganfieldWdAPI::MorganfieldWd::ConfigureDeviceIO)
[TID: 0x0001f190] Locked (DnxCmd::read->MorganfieldWdAPI::MorganfieldWd::Read->MorganfieldWdAPI::MorganfieldWd::ConfigureDeviceIO)
[TID: 0x0001f190] Searching DB for device handle (DnxCmd::read->MorganfieldWdAPI::MorganfieldWd::Read->MorganfieldWdAPI::MorganfieldWd::ConfigureDeviceIO)
[TID: 0x0001f190] Found device handle: 0x268a538 (DnxCmd::read->MorganfieldWdAPI::MorganfieldWd::Read->MorganfieldWdAPI::MorganfieldWd::ConfigureDeviceIO)
[TID: 0x0001f190] Searching DB for device IO configuration (DnxCmd::read->MorganfieldWdAPI::MorganfieldWd::Read->MorganfieldWdAPI::MorganfieldWd::ConfigureDeviceIO)
[TID: 0x0001f190] Found device IO configuration (DnxCmd::read->MorganfieldWdAPI::MorganfieldWd::Read->MorganfieldWdAPI::MorganfieldWd::ConfigureDeviceIO)
[TID: 0x0001f190] Device IO configured, handle: 0x268a538 (DnxCmd::read->MorganfieldWdAPI::MorganfieldWd::Read)
[TID: 0x0001f190] Calling libusb_bulk_transfer( dev_handle = 0x268a538, endpoint = 82, length = 512, timeout  = 5000 ) (DnxCmd::read->MorganfieldWdAPI::MorganfieldWd::Read)
[TID: 0x0001f190] Bytes transferred: 64 (DnxCmd::read->MorganfieldWdAPI::MorganfieldWd::Read)
[TID: 0x0001f190] [SN: 40412472] RX: Command: 800017
[TID: 0x0001f190] [SN: 40412472] RX: Marker: 0
[TID: 0x0001f190] [SN: 40412472] RX: Message length: 64
[TID: 0x0001f190] [SN: 40412472] RX: Header length: 20
[TID: 0x0001f190] [SN: 40412472] RX: Data length (calculated): 44
[TID: 0x0001f190] [SN: 40412472] RX: Additional data length: 0
[TID: 0x0001f190] [SN: 40412472] RX: Flags: 0
[TID: 0x0001f190] [SN: 40412472] RX: FW status: 0
[TID: 0x0001f190] [SN: 40412472] Success
[TID: 0x0001f190] [SN: 40412472] DnX protocol version and timeout were set successfully
[TID: 0x0001f190] [SN: 40412472] Sending "Clear Data" DnX command
[TID: 0x0001f190] [SN: 40412472] TX: Payload only: no
[TID: 0x0001f190] [SN: 40412472] TX: Data length: 48
[TID: 0x0001f190] [SN: 40412472] TX: Command: 10
[TID: 0x0001f190] [SN: 40412472] TX: Marker: 0
[TID: 0x0001f190] [SN: 40412472] TX: Header length: 16
[TID: 0x0001f190] [SN: 40412472] TX: Additional data length: 0
[TID: 0x0001f190] [SN: 40412472] TX: Message length: 64
[TID: 0x0001f190] Configuring device IO, serial: 40412472 (MorganfieldWdAPI::MorganfieldWd::Write)
[TID: 0x0001f190] Configure device IO by serial: 40412472 (MorganfieldWdAPI::MorganfieldWd::Write->MorganfieldWdAPI::MorganfieldWd::ConfigureDeviceIO)
[TID: 0x0001f190] Trying to lock (MorganfieldWdAPI::MorganfieldWd::Write->MorganfieldWdAPI::MorganfieldWd::ConfigureDeviceIO)
[TID: 0x0001f190] Locked (MorganfieldWdAPI::MorganfieldWd::Write->MorganfieldWdAPI::MorganfieldWd::ConfigureDeviceIO)
[TID: 0x0001f190] Searching DB for device handle (MorganfieldWdAPI::MorganfieldWd::Write->MorganfieldWdAPI::MorganfieldWd::ConfigureDeviceIO)
[TID: 0x0001f190] Found device handle: 0x268a538 (MorganfieldWdAPI::MorganfieldWd::Write->MorganfieldWdAPI::MorganfieldWd::ConfigureDeviceIO)
[TID: 0x0001f190] Searching DB for device IO configuration (MorganfieldWdAPI::MorganfieldWd::Write->MorganfieldWdAPI::MorganfieldWd::ConfigureDeviceIO)
[TID: 0x0001f190] Found device IO configuration (MorganfieldWdAPI::MorganfieldWd::Write->MorganfieldWdAPI::MorganfieldWd::ConfigureDeviceIO)
[TID: 0x0001f190] Device IO configured, handle: 0x268a538 (MorganfieldWdAPI::MorganfieldWd::Write)
[TID: 0x0001f190] Calling libusb_bulk_transfer( dev_handle = 0x268a538, endpoint = 2, length = 64, timeout  = 5000 ) (MorganfieldWdAPI::MorganfieldWd::Write)
[TID: 0x0001f190] Bytes sent: 64 (MorganfieldWdAPI::MorganfieldWd::Write)
[TID: 0x0001f190] [SN: 40412472] Reading first packet
[TID: 0x0001f190] Configuring device IO, serial: 40412472 (DnxCmd::read->MorganfieldWdAPI::MorganfieldWd::Read)
[TID: 0x0001f190] Configure device IO by serial: 40412472 (DnxCmd::read->MorganfieldWdAPI::MorganfieldWd::Read->MorganfieldWdAPI::MorganfieldWd::ConfigureDeviceIO)
[TID: 0x0001f190] Trying to lock (DnxCmd::read->MorganfieldWdAPI::MorganfieldWd::Read->MorganfieldWdAPI::MorganfieldWd::ConfigureDeviceIO)
[TID: 0x0001f190] Locked (DnxCmd::read->MorganfieldWdAPI::MorganfieldWd::Read->MorganfieldWdAPI::MorganfieldWd::ConfigureDeviceIO)
[TID: 0x0001f190] Searching DB for device handle (DnxCmd::read->MorganfieldWdAPI::MorganfieldWd::Read->MorganfieldWdAPI::MorganfieldWd::ConfigureDeviceIO)
[TID: 0x0001f190] Found device handle: 0x268a538 (DnxCmd::read->MorganfieldWdAPI::MorganfieldWd::Read->MorganfieldWdAPI::MorganfieldWd::ConfigureDeviceIO)
[TID: 0x0001f190] Searching DB for device IO configuration (DnxCmd::read->MorganfieldWdAPI::MorganfieldWd::Read->MorganfieldWdAPI::MorganfieldWd::ConfigureDeviceIO)
[TID: 0x0001f190] Found device IO configuration (DnxCmd::read->MorganfieldWdAPI::MorganfieldWd::Read->MorganfieldWdAPI::MorganfieldWd::ConfigureDeviceIO)
[TID: 0x0001f190] Device IO configured, handle: 0x268a538 (DnxCmd::read->MorganfieldWdAPI::MorganfieldWd::Read)
[TID: 0x0001f190] Calling libusb_bulk_transfer( dev_handle = 0x268a538, endpoint = 82, length = 512, timeout  = 5000 ) (DnxCmd::read->MorganfieldWdAPI::MorganfieldWd::Read)
[TID: 0x0001f190] Bytes transferred: 64 (DnxCmd::read->MorganfieldWdAPI::MorganfieldWd::Read)
[TID: 0x0001f190] [SN: 40412472] RX: Command: 800010
[TID: 0x0001f190] [SN: 40412472] RX: Marker: 0
[TID: 0x0001f190] [SN: 40412472] RX: Message length: 64
[TID: 0x0001f190] [SN: 40412472] RX: Header length: 20
[TID: 0x0001f190] [SN: 40412472] RX: Data length (calculated): 44
[TID: 0x0001f190] [SN: 40412472] RX: Additional data length: 0
[TID: 0x0001f190] [SN: 40412472] RX: Flags: 0
[TID: 0x0001f190] [SN: 40412472] RX: FW status: 0
[TID: 0x0001f190] [SN: 40412472] Success
[TID: 0x0001f190] [SN: 40412472] Clear data operation had been accomplished succesfully
[TID: 0x0001f190] Event queue had been Locked (MorganfieldWdAPI::MorganfieldWd::Deinit->MorganfieldWdAPI::MorganfieldWd::EventPush)
[TID: 0x0001f190] Event was pushed the event queue (MorganfieldWdAPI::MorganfieldWd::Deinit->MorganfieldWdAPI::MorganfieldWd::EventPush)
[TID: 0x0001f190] Event queue had been unlocked (MorganfieldWdAPI::MorganfieldWd::Deinit->MorganfieldWdAPI::MorganfieldWd::EventPush)
[TID: 0x00003960] Event queue had been Locked (MorganfieldWdAPI::MorganfieldWd::NotificationThreadEntry->MorganfieldWdAPI::MorganfieldWd::EventPop)
[TID: 0x00003960] Event was poped out of the event queue (MorganfieldWdAPI::MorganfieldWd::NotificationThreadEntry->MorganfieldWdAPI::MorganfieldWd::EventPop)
[TID: 0x00003960] Event queue had been unlocked (MorganfieldWdAPI::MorganfieldWd::NotificationThreadEntry->MorganfieldWdAPI::MorganfieldWd::EventPop)
[TID: 0x00003960] NotificationThreadEntry: exit (MorganfieldWdAPI::MorganfieldWd::NotificationThreadEntry)
[TID: 0x00003960] Notification thread finished (MorganfieldWdAPI::MorganfieldWd::NotificationThreadEntry)
[TID: 0x0001f190] Calling libusb_close for all opened handles (MorganfieldWdAPI::MorganfieldWd::Deinit)
[TID: 0x0001f190] Calling libusb_exit (MorganfieldWdAPI::MorganfieldWd::Deinit)
